2003.11.01 15:47 B D:\web\Site_web_definitif\Kundig\Bibliographie\welcome.html --> homepage.hispeed.ch /homepage/Bibliographie welcome.html
2003.11.01 15:47 B D:\web\Site_web_definitif\Kundig\Bibliographie\Strapazin56b.html --> homepage.hispeed.ch /homepage/Bibliographie Strapazin56b.html
2003.11.01 15:47 B D:\web\Site_web_definitif\Kundig\Bibliographie\Strapazin56a.html --> homepage.hispeed.ch /homepage/Bibliographie Strapazin56a.html
2003.11.01 15:47 B D:\web\Site_web_definitif\Kundig\Bibliographie\Strapazin53.html --> homepage.hispeed.ch /homepage/Bibliographie Strapazin53.html
2003.11.01 15:47 B D:\web\Site_web_definitif\Kundig\Bibliographie\steini.html --> homepage.hispeed.ch /homepage/Bibliographie steini.html
2003.11.01 15:47 B D:\web\Site_web_definitif\Kundig\Bibliographie\parthenogeneige_critique.html --> homepage.hispeed.ch /homepage/Bibliographie parthenogeneige_critique.html
2003.11.01 15:47 B D:\web\Site_web_definitif\Kundig\Bibliographie\mouche.html --> homepage.hispeed.ch /homepage/Bibliographie mouche.html
2003.11.01 15:47 B D:\web\Site_web_definitif\Kundig\Bibliographie\expo_suisse.html --> homepage.hispeed.ch /homepage/Bibliographie expo_suisse.html
2003.11.01 15:47 B D:\web\Site_web_definitif\Kundig\Bibliographie\expo_perso.html --> homepage.hispeed.ch /homepage/Bibliographie expo_perso.html
2003.11.01 15:47 B D:\web\Site_web_definitif\Kundig\Bibliographie\BU20001118b.html --> homepage.hispeed.ch /homepage/Bibliographie BU20001118b.html
2003.11.01 15:47 B D:\web\Site_web_definitif\Kundig\Bibliographie\BU20001118a.html --> homepage.hispeed.ch /homepage/Bibliographie BU20001118a.html
2003.11.01 15:47 B D:\web\Site_web_definitif\Kundig\Bibliographie\BU20000515b.html --> homepage.hispeed.ch /homepage/Bibliographie BU20000515b.html
2003.11.01 15:47 B D:\web\Site_web_definitif\Kundig\Bibliographie\BU20000515.html --> homepage.hispeed.ch /homepage/Bibliographie BU20000515.html
2003.11.01 15:47 B D:\web\Site_web_definitif\Kundig\Bibliographie\BU199807.html --> homepage.hispeed.ch /homepage/Bibliographie BU199807.html
2003.11.01 15:47 B D:\web\Site_web_definitif\Kundig\Bibliographie\BU1998.html --> homepage.hispeed.ch /homepage/Bibliographie BU1998.html
2003.11.01 15:47 B D:\web\Site_web_definitif\Kundig\Bibliographie\Bonhomme.html --> homepage.hispeed.ch /homepage/Bibliographie Bonhomme.html
2003.11.01 15:47 B D:\web\Site_web_definitif\Kundig\Bibliographie\bibliographie.html~ --> homepage.hispeed.ch /homepage/Bibliographie bibliographie.html~
2003.11.01 15:47 B D:\web\Site_web_definitif\Kundig\Bibliographie\bibliographie.html --> homepage.hispeed.ch /homepage/Bibliographie bibliographie.html
2003.11.12 20:21 A D:\web\Site_web_definitif\Kundig\Bibliographie\bibliographie.html --> homepage.swissonline.ch /homepage/Bibliographie bibliographie.html
2003.11.12 20:24 A D:\web\Site_web_definitif\Kundig\Bibliographie\bibliographie.html --> homepage.swissonline.ch /homepage/Bibliographie bibliographie.html
2003.11.12 20:50 A D:\web\Site_web_definitif\Kundig\Bibliographie\bibliographie.html --> homepage.swissonline.ch /homepage/Bibliographie bibliographie.html
2003.11.17 21:56 A D:\web\Site_web_definitif\Kundig\Bibliographie\bibliographie.html --> homepage.swissonline.ch /homepage/Bibliographie bibliographie.html
2004.02.10 18:54 A D:\web\Site_web_definitif\Kundig\Bibliographie\bibliographie.html --> homepage.swissonline.ch /homepage/Bibliographie bibliographie.html
2005.01.06 11:28 B D:\web\Site_web_definitif\Kundig\Bibliographie\#bibliographie.html# --> www.darksite.ch /Bibliographie #bibliographie.html#
2005.01.06 11:28 B D:\web\Site_web_definitif\Kundig\Bibliographie\bibliographie.html --> www.darksite.ch /Bibliographie bibliographie.html
2005.01.06 11:28 B D:\web\Site_web_definitif\Kundig\Bibliographie\bibliographie.html~ --> www.darksite.ch /Bibliographie bibliographie.html~
2005.01.06 11:28 B D:\web\Site_web_definitif\Kundig\Bibliographie\Bonhomme.html --> www.darksite.ch /Bibliographie Bonhomme.html
2005.01.06 11:28 B D:\web\Site_web_definitif\Kundig\Bibliographie\BU1998.html --> www.darksite.ch /Bibliographie BU1998.html
2005.01.06 11:28 B D:\web\Site_web_definitif\Kundig\Bibliographie\BU199807.html --> www.darksite.ch /Bibliographie BU199807.html
2005.01.06 11:28 B D:\web\Site_web_definitif\Kundig\Bibliographie\BU20000515.html --> www.darksite.ch /Bibliographie BU20000515.html
2005.01.06 11:28 B D:\web\Site_web_definitif\Kundig\Bibliographie\BU20000515b.html --> www.darksite.ch /Bibliographie BU20000515b.html
2005.01.06 11:28 B D:\web\Site_web_definitif\Kundig\Bibliographie\BU20001118a.html --> www.darksite.ch /Bibliographie BU20001118a.html
2005.01.06 11:28 B D:\web\Site_web_definitif\Kundig\Bibliographie\BU20001118b.html --> www.darksite.ch /Bibliographie BU20001118b.html
2005.01.06 11:28 B D:\web\Site_web_definitif\Kundig\Bibliographie\expo_perso.html --> www.darksite.ch /Bibliographie expo_perso.html
2005.01.06 11:28 B D:\web\Site_web_definitif\Kundig\Bibliographie\expo_suisse.html --> www.darksite.ch /Bibliographie expo_suisse.html
2005.01.06 11:28 B D:\web\Site_web_definitif\Kundig\Bibliographie\mouche.html --> www.darksite.ch /Bibliographie mouche.html
2005.01.06 11:28 B D:\web\Site_web_definitif\Kundig\Bibliographie\parthenogeneige_critique.html --> www.darksite.ch /Bibliographie parthenogeneige_critique.html
2005.01.06 11:28 B D:\web\Site_web_definitif\Kundig\Bibliographie\steini.html --> www.darksite.ch /Bibliographie steini.html
2005.01.06 11:28 B D:\web\Site_web_definitif\Kundig\Bibliographie\Strapazin53.html --> www.darksite.ch /Bibliographie Strapazin53.html
2005.01.06 11:28 B D:\web\Site_web_definitif\Kundig\Bibliographie\Strapazin56a.html --> www.darksite.ch /Bibliographie Strapazin56a.html
2005.01.06 11:28 B D:\web\Site_web_definitif\Kundig\Bibliographie\Strapazin56b.html --> www.darksite.ch /Bibliographie Strapazin56b.html
2005.01.06 11:29 B D:\web\Site_web_definitif\Kundig\Bibliographie\welcome.html --> www.darksite.ch /Bibliographie welcome.html
