2003.11.01 15:40 B D:\web\Site_web_definitif\Kundig\Images\zidane.jpg --> homepage.hispeed.ch /homepage/Images zidane.jpg
2003.11.01 15:40 B D:\web\Site_web_definitif\Kundig\Images\WinterthurerZeitung20feb03a.jpg --> homepage.hispeed.ch /homepage/Images WinterthurerZeitung20feb03a.jpg
2003.11.01 15:41 B D:\web\Site_web_definitif\Kundig\Images\trait-lecture.gif --> homepage.hispeed.ch /homepage/Images trait-lecture.gif
2003.11.01 15:41 B D:\web\Site_web_definitif\Kundig\Images\taillecrayon.jpg --> homepage.hispeed.ch /homepage/Images taillecrayon.jpg
2003.11.01 15:41 B D:\web\Site_web_definitif\Kundig\Images\taille_crayon.gif --> homepage.hispeed.ch /homepage/Images taille_crayon.gif
2003.11.01 15:41 B D:\web\Site_web_definitif\Kundig\Images\Strapazin60-3Sep2000.jpg --> homepage.hispeed.ch /homepage/Images Strapazin60-3Sep2000.jpg
2003.11.01 15:41 B D:\web\Site_web_definitif\Kundig\Images\steini2.jpg --> homepage.hispeed.ch /homepage/Images steini2.jpg
2003.11.01 15:41 B D:\web\Site_web_definitif\Kundig\Images\steini1.jpg --> homepage.hispeed.ch /homepage/Images steini1.jpg
2003.11.01 15:42 B D:\web\Site_web_definitif\Kundig\Images\sortie.jpg --> homepage.hispeed.ch /homepage/Images sortie.jpg
2003.11.01 15:42 B D:\web\Site_web_definitif\Kundig\Images\rocher.jpg --> homepage.hispeed.ch /homepage/Images rocher.jpg
2003.11.01 15:42 B D:\web\Site_web_definitif\Kundig\Images\point.gif --> homepage.hispeed.ch /homepage/Images point.gif
2003.11.01 15:42 B D:\web\Site_web_definitif\Kundig\Images\parto_gamin.gif --> homepage.hispeed.ch /homepage/Images parto_gamin.gif
2003.11.01 15:42 B D:\web\Site_web_definitif\Kundig\Images\mouche.JPG --> homepage.hispeed.ch /homepage/Images mouche.JPG
2003.11.01 15:42 B D:\web\Site_web_definitif\Kundig\Images\Livre_couleur.gif --> homepage.hispeed.ch /homepage/Images Livre_couleur.gif
2003.11.01 15:43 B D:\web\Site_web_definitif\Kundig\Images\Kundig_tirabosco.jpg --> homepage.hispeed.ch /homepage/Images Kundig_tirabosco.jpg
2003.11.01 15:43 B D:\web\Site_web_definitif\Kundig\Images\JdG28juin97.jpg --> homepage.hispeed.ch /homepage/Images JdG28juin97.jpg
2003.11.01 15:43 B D:\web\Site_web_definitif\Kundig\Images\ibnalrabin2.jpg --> homepage.hispeed.ch /homepage/Images ibnalrabin2.jpg
2003.11.01 15:43 B D:\web\Site_web_definitif\Kundig\Images\ibnalrabin.jpg --> homepage.hispeed.ch /homepage/Images ibnalrabin.jpg
2003.11.01 15:43 B D:\web\Site_web_definitif\Kundig\Images\gamin.jpg --> homepage.hispeed.ch /homepage/Images gamin.jpg
2003.11.01 15:43 B D:\web\Site_web_definitif\Kundig\Images\flocons.png --> homepage.hispeed.ch /homepage/Images flocons.png
2003.11.01 15:43 B D:\web\Site_web_definitif\Kundig\Images\fleche_gauche.gif --> homepage.hispeed.ch /homepage/Images fleche_gauche.gif
2003.11.01 15:43 B D:\web\Site_web_definitif\Kundig\Images\fleche.gif --> homepage.hispeed.ch /homepage/Images fleche.gif
2003.11.01 15:43 B D:\web\Site_web_definitif\Kundig\Images\expo_perso_dos.jpg --> homepage.hispeed.ch /homepage/Images expo_perso_dos.jpg
2003.11.01 15:44 B D:\web\Site_web_definitif\Kundig\Images\escargots_salade.gif --> homepage.hispeed.ch /homepage/Images escargots_salade.gif
2003.11.01 15:44 B D:\web\Site_web_definitif\Kundig\Images\couv_temposunder.jpg --> homepage.hispeed.ch /homepage/Images couv_temposunder.jpg
2003.11.01 15:44 B D:\web\Site_web_definitif\Kundig\Images\couv_quatre.jpg --> homepage.hispeed.ch /homepage/Images couv_quatre.jpg
2003.11.01 15:44 B D:\web\Site_web_definitif\Kundig\Images\couv_partho.jpg --> homepage.hispeed.ch /homepage/Images couv_partho.jpg
2003.11.01 15:44 B D:\web\Site_web_definitif\Kundig\Images\couv_friture.jpg --> homepage.hispeed.ch /homepage/Images couv_friture.jpg
2003.11.01 15:44 B D:\web\Site_web_definitif\Kundig\Images\couv_fakir.jpg --> homepage.hispeed.ch /homepage/Images couv_fakir.jpg
2003.11.01 15:44 B D:\web\Site_web_definitif\Kundig\Images\couv_danse.jpg --> homepage.hispeed.ch /homepage/Images couv_danse.jpg
2003.11.01 15:44 B D:\web\Site_web_definitif\Kundig\Images\couv_couronne.jpg --> homepage.hispeed.ch /homepage/Images couv_couronne.jpg
2003.11.01 15:44 B D:\web\Site_web_definitif\Kundig\Images\couv_armoire.jpg --> homepage.hispeed.ch /homepage/Images couv_armoire.jpg
2003.11.01 15:44 B D:\web\Site_web_definitif\Kundig\Images\couv_6histoires.jpg --> homepage.hispeed.ch /homepage/Images couv_6histoires.jpg
2003.11.01 15:44 B D:\web\Site_web_definitif\Kundig\Images\chaussure.jpg --> homepage.hispeed.ch /homepage/Images chaussure.jpg
2003.11.01 15:44 B D:\web\Site_web_definitif\Kundig\Images\chat.jpg --> homepage.hispeed.ch /homepage/Images chat.jpg
2003.11.01 15:44 B D:\web\Site_web_definitif\Kundig\Images\carteidentite.jpg --> homepage.hispeed.ch /homepage/Images carteidentite.jpg
2003.11.01 15:44 B D:\web\Site_web_definitif\Kundig\Images\calque_projets.gif --> homepage.hispeed.ch /homepage/Images calque_projets.gif
2003.11.01 15:44 B D:\web\Site_web_definitif\Kundig\Images\calque_pourquoi.gif --> homepage.hispeed.ch /homepage/Images calque_pourquoi.gif
2003.11.01 15:45 B D:\web\Site_web_definitif\Kundig\Images\calque_plan.gif --> homepage.hispeed.ch /homepage/Images calque_plan.gif
2003.11.01 15:45 B D:\web\Site_web_definitif\Kundig\Images\calque_liens.gif --> homepage.hispeed.ch /homepage/Images calque_liens.gif
2003.11.01 15:45 B D:\web\Site_web_definitif\Kundig\Images\calque_foutoir.gif --> homepage.hispeed.ch /homepage/Images calque_foutoir.gif
2003.11.01 15:45 B D:\web\Site_web_definitif\Kundig\Images\calque_bio.gif --> homepage.hispeed.ch /homepage/Images calque_bio.gif
2003.11.01 15:45 B D:\web\Site_web_definitif\Kundig\Images\calque_bibgr.gif --> homepage.hispeed.ch /homepage/Images calque_bibgr.gif
2003.11.01 15:45 B D:\web\Site_web_definitif\Kundig\Images\bonhommes.jpg --> homepage.hispeed.ch /homepage/Images bonhommes.jpg
2003.11.01 15:45 B D:\web\Site_web_definitif\Kundig\Images\bonhomme_neige.jpg --> homepage.hispeed.ch /homepage/Images bonhomme_neige.jpg
2003.11.01 15:45 B D:\web\Site_web_definitif\Kundig\Images\Bio_ecrit.jpg --> homepage.hispeed.ch /homepage/Images Bio_ecrit.jpg
2003.11.01 15:45 B D:\web\Site_web_definitif\Kundig\Images\Bio_bml.jpg --> homepage.hispeed.ch /homepage/Images Bio_bml.jpg
2003.11.01 15:45 B D:\web\Site_web_definitif\Kundig\Images\armoire.jpg --> homepage.hispeed.ch /homepage/Images armoire.jpg
2005.01.06 11:31 B D:\web\Site_web_definitif\Kundig\Images\armoire.jpg --> www.darksite.ch /Images armoire.jpg
2005.01.06 11:31 B D:\web\Site_web_definitif\Kundig\Images\Bio_bml.jpg --> www.darksite.ch /Images Bio_bml.jpg
2005.01.06 11:31 B D:\web\Site_web_definitif\Kundig\Images\Bio_ecrit.jpg --> www.darksite.ch /Images Bio_ecrit.jpg
2005.01.06 11:31 B D:\web\Site_web_definitif\Kundig\Images\bonhomme_neige.jpg --> www.darksite.ch /Images bonhomme_neige.jpg
2005.01.06 11:31 B D:\web\Site_web_definitif\Kundig\Images\bonhommes.jpg --> www.darksite.ch /Images bonhommes.jpg
2005.01.06 11:31 B D:\web\Site_web_definitif\Kundig\Images\calque_bibgr.gif --> www.darksite.ch /Images calque_bibgr.gif
2005.01.06 11:31 B D:\web\Site_web_definitif\Kundig\Images\calque_bio.gif --> www.darksite.ch /Images calque_bio.gif
2005.01.06 11:31 B D:\web\Site_web_definitif\Kundig\Images\calque_foutoir.gif --> www.darksite.ch /Images calque_foutoir.gif
2005.01.06 11:31 B D:\web\Site_web_definitif\Kundig\Images\calque_liens.gif --> www.darksite.ch /Images calque_liens.gif
2005.01.06 11:31 B D:\web\Site_web_definitif\Kundig\Images\calque_plan.gif --> www.darksite.ch /Images calque_plan.gif
2005.01.06 11:31 B D:\web\Site_web_definitif\Kundig\Images\calque_pourquoi.gif --> www.darksite.ch /Images calque_pourquoi.gif
2005.01.06 11:31 B D:\web\Site_web_definitif\Kundig\Images\calque_projets.gif --> www.darksite.ch /Images calque_projets.gif
2005.01.06 11:32 B D:\web\Site_web_definitif\Kundig\Images\carteidentite.jpg --> www.darksite.ch /Images carteidentite.jpg
2005.01.06 11:32 B D:\web\Site_web_definitif\Kundig\Images\chat.jpg --> www.darksite.ch /Images chat.jpg
2005.01.06 11:32 B D:\web\Site_web_definitif\Kundig\Images\chaussure.jpg --> www.darksite.ch /Images chaussure.jpg
2005.01.06 11:32 B D:\web\Site_web_definitif\Kundig\Images\couv_6histoires.jpg --> www.darksite.ch /Images couv_6histoires.jpg
2005.01.06 11:32 B D:\web\Site_web_definitif\Kundig\Images\couv_armoire.jpg --> www.darksite.ch /Images couv_armoire.jpg
2005.01.06 11:32 B D:\web\Site_web_definitif\Kundig\Images\couv_couronne.jpg --> www.darksite.ch /Images couv_couronne.jpg
2005.01.06 11:32 B D:\web\Site_web_definitif\Kundig\Images\couv_danse.jpg --> www.darksite.ch /Images couv_danse.jpg
2005.01.06 11:32 B D:\web\Site_web_definitif\Kundig\Images\couv_fakir.jpg --> www.darksite.ch /Images couv_fakir.jpg
2005.01.06 11:32 B D:\web\Site_web_definitif\Kundig\Images\couv_friture.jpg --> www.darksite.ch /Images couv_friture.jpg
2005.01.06 11:33 B D:\web\Site_web_definitif\Kundig\Images\couv_partho.jpg --> www.darksite.ch /Images couv_partho.jpg
2005.01.06 11:33 B D:\web\Site_web_definitif\Kundig\Images\couv_quatre.jpg --> www.darksite.ch /Images couv_quatre.jpg
2005.01.06 11:33 B D:\web\Site_web_definitif\Kundig\Images\couv_temposunder.jpg --> www.darksite.ch /Images couv_temposunder.jpg
2005.01.06 11:33 B D:\web\Site_web_definitif\Kundig\Images\escargots_salade.gif --> www.darksite.ch /Images escargots_salade.gif
2005.01.06 11:33 B D:\web\Site_web_definitif\Kundig\Images\expo_perso_dos.jpg --> www.darksite.ch /Images expo_perso_dos.jpg
2005.01.06 11:33 B D:\web\Site_web_definitif\Kundig\Images\fleche.gif --> www.darksite.ch /Images fleche.gif
2005.01.06 11:33 B D:\web\Site_web_definitif\Kundig\Images\fleche_gauche.gif --> www.darksite.ch /Images fleche_gauche.gif
2005.01.06 11:33 B D:\web\Site_web_definitif\Kundig\Images\flocons.png --> www.darksite.ch /Images flocons.png
2005.01.06 11:33 B D:\web\Site_web_definitif\Kundig\Images\gamin.jpg --> www.darksite.ch /Images gamin.jpg
2005.01.06 11:33 B D:\web\Site_web_definitif\Kundig\Images\ibnalrabin.jpg --> www.darksite.ch /Images ibnalrabin.jpg
2005.01.06 11:34 B D:\web\Site_web_definitif\Kundig\Images\ibnalrabin2.jpg --> www.darksite.ch /Images ibnalrabin2.jpg
2005.01.06 11:34 B D:\web\Site_web_definitif\Kundig\Images\JdG28juin97.jpg --> www.darksite.ch /Images JdG28juin97.jpg
2005.01.06 11:34 B D:\web\Site_web_definitif\Kundig\Images\Kundig_tirabosco.jpg --> www.darksite.ch /Images Kundig_tirabosco.jpg
2005.01.06 11:34 B D:\web\Site_web_definitif\Kundig\Images\Livre_couleur.gif --> www.darksite.ch /Images Livre_couleur.gif
2005.01.06 11:34 B D:\web\Site_web_definitif\Kundig\Images\mouche.JPG --> www.darksite.ch /Images mouche.JPG
2005.01.06 11:34 B D:\web\Site_web_definitif\Kundig\Images\parto_gamin.gif --> www.darksite.ch /Images parto_gamin.gif
2005.01.06 11:34 B D:\web\Site_web_definitif\Kundig\Images\point.gif --> www.darksite.ch /Images point.gif
2005.01.06 11:34 B D:\web\Site_web_definitif\Kundig\Images\rocher.jpg --> www.darksite.ch /Images rocher.jpg
2005.01.06 11:35 B D:\web\Site_web_definitif\Kundig\Images\sortie.jpg --> www.darksite.ch /Images sortie.jpg
2005.01.06 11:35 B D:\web\Site_web_definitif\Kundig\Images\steini1.jpg --> www.darksite.ch /Images steini1.jpg
2005.01.06 11:35 B D:\web\Site_web_definitif\Kundig\Images\steini2.jpg --> www.darksite.ch /Images steini2.jpg
2005.01.06 11:35 B D:\web\Site_web_definitif\Kundig\Images\Strapazin60-3Sep2000.jpg --> www.darksite.ch /Images Strapazin60-3Sep2000.jpg
2005.01.06 11:35 B D:\web\Site_web_definitif\Kundig\Images\taille_crayon.gif --> www.darksite.ch /Images taille_crayon.gif
2005.01.06 11:35 B D:\web\Site_web_definitif\Kundig\Images\taillecrayon.jpg --> www.darksite.ch /Images taillecrayon.jpg
2005.01.06 11:35 B D:\web\Site_web_definitif\Kundig\Images\trait-lecture.gif --> www.darksite.ch /Images trait-lecture.gif
2005.01.06 11:35 B D:\web\Site_web_definitif\Kundig\Images\WinterthurerZeitung20feb03a.jpg --> www.darksite.ch /Images WinterthurerZeitung20feb03a.jpg
