[23-Jan-2008 12:25:40] PHP Notice:  Undefined index:  nb in /home/darksite/expos/kundig/abstrait/automatique.php on line 21
[23-Jan-2008 12:25:40] PHP Notice:  Undefined variable:  vides in /home/darksite/expos/kundig/abstrait/figure.php on line 495
[23-Jan-2008 12:25:40] PHP Notice:  Undefined variable:  nonNuls in /home/darksite/expos/kundig/abstrait/figure.php on line 496
[23-Jan-2008 12:25:40] PHP Notice:  Undefined variable:  vides in /home/darksite/expos/kundig/abstrait/figure.php on line 507
[23-Jan-2008 12:25:40] PHP Notice:  Undefined variable:  vides in /home/darksite/expos/kundig/abstrait/figure.php on line 495
[23-Jan-2008 12:25:40] PHP Notice:  Undefined variable:  nonNuls in /home/darksite/expos/kundig/abstrait/figure.php on line 496
[23-Jan-2008 12:25:40] PHP Notice:  Undefined variable:  vides in /home/darksite/expos/kundig/abstrait/figure.php on line 507
[23-Jan-2008 12:25:40] PHP Notice:  Undefined variable:  points in /home/darksite/expos/kundig/abstrait/figure.php on line 274
[23-Jan-2008 12:25:40] PHP Notice:  Undefined variable:  choisis in /home/darksite/expos/kundig/abstrait/figure.php on line 280
[23-Jan-2008 12:25:40] PHP Notice:  Undefined variable:  figure in /home/darksite/expos/kundig/abstrait/figure.php on line 453
[23-Jan-2008 12:25:40] PHP Notice:  Undefined variable:  rep in /home/darksite/expos/kundig/abstrait/figure.php on line 198
[23-Jan-2008 12:33:07] PHP Notice:  Undefined variable:  vides in /home/darksite/expos/kundig/abstrait/figure.php on line 495
[23-Jan-2008 12:33:07] PHP Notice:  Undefined variable:  nonNuls in /home/darksite/expos/kundig/abstrait/figure.php on line 496
[23-Jan-2008 12:33:07] PHP Notice:  Undefined variable:  vides in /home/darksite/expos/kundig/abstrait/figure.php on line 507
[23-Jan-2008 12:33:07] PHP Notice:  Undefined variable:  vides in /home/darksite/expos/kundig/abstrait/figure.php on line 495
[23-Jan-2008 12:33:07] PHP Notice:  Undefined variable:  nonNuls in /home/darksite/expos/kundig/abstrait/figure.php on line 496
[23-Jan-2008 12:33:07] PHP Notice:  Undefined variable:  vides in /home/darksite/expos/kundig/abstrait/figure.php on line 507
[23-Jan-2008 12:33:07] PHP Notice:  Undefined variable:  points in /home/darksite/expos/kundig/abstrait/figure.php on line 274
[23-Jan-2008 12:33:07] PHP Notice:  Undefined variable:  choisis in /home/darksite/expos/kundig/abstrait/figure.php on line 280
[23-Jan-2008 12:33:07] PHP Notice:  Undefined variable:  figure in /home/darksite/expos/kundig/abstrait/figure.php on line 453
[23-Jan-2008 12:33:07] PHP Notice:  Undefined variable:  rep in /home/darksite/expos/kundig/abstrait/figure.php on line 198
[23-Jan-2008 12:33:07] PHP Notice:  Undefined variable:  rep in /home/darksite/expos/kundig/abstrait/figure.php on line 198
[23-Jan-2008 12:33:07] PHP Notice:  Undefined variable:  rep in /home/darksite/expos/kundig/abstrait/figure.php on line 198
[23-Jan-2008 12:33:07] PHP Notice:  Undefined variable:  rep in /home/darksite/expos/kundig/abstrait/figure.php on line 198
[23-Jan-2008 12:33:07] PHP Notice:  Undefined variable:  rep in /home/darksite/expos/kundig/abstrait/figure.php on line 198
[23-Jan-2008 12:33:07] PHP Notice:  Undefined variable:  rep in /home/darksite/expos/kundig/abstrait/figure.php on line 198
[23-Jan-2008 12:33:07] PHP Notice:  Undefined variable:  rep in /home/darksite/expos/kundig/abstrait/figure.php on line 198
